<?xml version="1.0" encoding="UTF-8"?>
<!-- Generated by org.testng.reporters.JUnitReportReporter -->
<testsuite hostname="DESKTOP-2ID5ETO" failures="0" tests="3" name="com.saucedemo.testcases.LoginDDTTest" time="16.099" errors="0" timestamp="2025-06-08T22:33:45 IST" skipped="0">
  <testcase classname="com.saucedemo.testcases.LoginDDTTest" name="testLoginWithMultipleCredentials" time="4.014"/>
  <testcase classname="com.saucedemo.testcases.LoginDDTTest" name="testLoginWithMultipleCredentials" time="7.697"/>
  <testcase classname="com.saucedemo.testcases.LoginDDTTest" name="testLoginWithMultipleCredentials" time="4.388"/>
</testsuite> <!-- com.saucedemo.testcases.LoginDDTTest -->
